[debug] [2022-12-11T18:32:55.064Z] ----------------------------------------------------------------------
[debug] [2022-12-11T18:32:55.065Z] Command:       C:\Program Files\nodejs\node.exe C:\Users\MD SAIFULLA\AppData\Roaming\npm\node_modules\firebase-tools\lib\bin\firebase.js deploy
[debug] [2022-12-11T18:32:55.066Z] CLI Version:   11.16.1
[debug] [2022-12-11T18:32:55.066Z] Platform:      win32
[debug] [2022-12-11T18:32:55.066Z] Node Version:  v18.4.0
[debug] [2022-12-11T18:32:55.066Z] Time:          Mon Dec 12 2022 00:32:55 GMT+0600 (Bangladesh Standard Time)
[debug] [2022-12-11T18:32:55.067Z] ----------------------------------------------------------------------
[debug] 
[debug] [2022-12-11T18:32:55.069Z] >>> [apiv2][query] GET https://firebase-public.firebaseio.com/cli.json [none]
[debug] [2022-12-11T18:32:55.153Z] > command requires scopes: ["email","openid","https://www.googleapis.com/auth/cloudplatformprojects.readonly","https://www.googleapis.com/auth/firebase","https://www.googleapis.com/auth/cloud-platform"]
[debug] [2022-12-11T18:32:55.154Z] > authorizing via signed-in user (saifullajubair6@gmail.com)
[debug] [2022-12-11T18:32:55.154Z] [iam] checking project portfolio-4dd7c for permissions ["firebase.projects.get","firebasehosting.sites.update"]
[debug] [2022-12-11T18:32:55.154Z] > refreshing access token with scopes: []
[debug] [2022-12-11T18:32:55.155Z] >>> [apiv2][query] POST https://www.googleapis.com/oauth2/v3/token [none]
[debug] [2022-12-11T18:32:55.155Z] >>> [apiv2][body] POST https://www.googleapis.com/oauth2/v3/token [omitted]
[debug] [2022-12-11T18:32:55.431Z] <<< [apiv2][status] POST https://www.googleapis.com/oauth2/v3/token 200
[debug] [2022-12-11T18:32:55.432Z] <<< [apiv2][body] POST https://www.googleapis.com/oauth2/v3/token [omitted]
[debug] [2022-12-11T18:32:55.438Z] >>> [apiv2][query] POST https://cloudresourcemanager.googleapis.com/v1/projects/portfolio-4dd7c:testIamPermissions [none]
[debug] [2022-12-11T18:32:55.438Z] >>> [apiv2][(partial)header] POST https://cloudresourcemanager.googleapis.com/v1/projects/portfolio-4dd7c:testIamPermissions x-goog-quota-user=projects/portfolio-4dd7c
[debug] [2022-12-11T18:32:55.439Z] >>> [apiv2][body] POST https://cloudresourcemanager.googleapis.com/v1/projects/portfolio-4dd7c:testIamPermissions {"permissions":["firebase.projects.get","firebasehosting.sites.update"]}
[debug] [2022-12-11T18:32:55.792Z] <<< [apiv2][status] GET https://firebase-public.firebaseio.com/cli.json 200
[debug] [2022-12-11T18:32:55.792Z] <<< [apiv2][body] GET https://firebase-public.firebaseio.com/cli.json {"cloudBuildErrorAfter":1594252800000,"cloudBuildWarnAfter":1590019200000,"defaultNode10After":1594252800000,"minVersion":"3.0.5","node8DeploysDisabledAfter":1613390400000,"node8RuntimeDisabledAfter":1615809600000,"node8WarnAfter":1600128000000}
[debug] [2022-12-11T18:32:56.917Z] <<< [apiv2][status] POST https://cloudresourcemanager.googleapis.com/v1/projects/portfolio-4dd7c:testIamPermissions 200
[debug] [2022-12-11T18:32:56.918Z] <<< [apiv2][body] POST https://cloudresourcemanager.googleapis.com/v1/projects/portfolio-4dd7c:testIamPermissions {"permissions":["firebase.projects.get","firebasehosting.sites.update"]}
[debug] [2022-12-11T18:32:56.918Z] >>> [apiv2][query] GET https://firebase.googleapis.com/v1beta1/projects/portfolio-4dd7c [none]
[debug] [2022-12-11T18:32:57.584Z] <<< [apiv2][status] GET https://firebase.googleapis.com/v1beta1/projects/portfolio-4dd7c 200
[debug] [2022-12-11T18:32:57.584Z] <<< [apiv2][body] GET https://firebase.googleapis.com/v1beta1/projects/portfolio-4dd7c {"projectId":"portfolio-4dd7c","projectNumber":"371419160339","displayName":"SaifullaJubair","name":"projects/portfolio-4dd7c","resources":{"hostingSite":"portfolio-4dd7c"},"state":"ACTIVE","etag":"1_3dcdd81a-3910-42be-8322-0b755c5a7d96"}
[info] 
[info] === Deploying to 'portfolio-4dd7c'...
[info] 
[info] i  deploying hosting 
[debug] [2022-12-11T18:32:57.589Z] >>> [apiv2][query] POST https://firebasehosting.googleapis.com/v1beta1/projects/-/sites/portfolio-4dd7c/versions [none]
[debug] [2022-12-11T18:32:57.589Z] >>> [apiv2][body] POST https://firebasehosting.googleapis.com/v1beta1/projects/-/sites/portfolio-4dd7c/versions {"status":"CREATED","labels":{"deployment-tool":"cli-firebase"}}
[debug] [2022-12-11T18:32:58.841Z] <<< [apiv2][status] POST https://firebasehosting.googleapis.com/v1beta1/projects/-/sites/portfolio-4dd7c/versions 200
[debug] [2022-12-11T18:32:58.841Z] <<< [apiv2][body] POST https://firebasehosting.googleapis.com/v1beta1/projects/-/sites/portfolio-4dd7c/versions {"name":"projects/371419160339/sites/portfolio-4dd7c/versions/cb2a5fcd9197fc84","status":"CREATED","config":{},"labels":{"deployment-tool":"cli-firebase"}}
[info] i  hosting[portfolio-4dd7c]: beginning deploy... 
[info] i  hosting[portfolio-4dd7c]: found 14 files in build 
[debug] [2022-12-11T18:32:58.849Z] [hosting] uploading with 200 concurrency
[debug] [2022-12-11T18:32:59.014Z] [hosting] hash cache [YnVpbGQ] stored for 14 files
[debug] [2022-12-11T18:32:59.014Z] [hosting][hash queue][FINAL] {"max":159,"min":1,"avg":15.357142857142858,"active":0,"complete":14,"success":14,"errored":0,"retried":0,"total":14,"elapsed":163}
[debug] [2022-12-11T18:32:59.014Z] >>> [apiv2][query] POST https://firebasehosting.googleapis.com/v1beta1/projects/371419160339/sites/portfolio-4dd7c/versions/cb2a5fcd9197fc84:populateFiles [none]
[debug] [2022-12-11T18:32:59.014Z] >>> [apiv2][body] POST https://firebasehosting.googleapis.com/v1beta1/projects/371419160339/sites/portfolio-4dd7c/versions/cb2a5fcd9197fc84:populateFiles {"files":{"/favicon.ico":"eae62e993eb980ec8a25058c39d5a51feab118bd2100c4deebb2a9c158ec11f9","/logo192.png":"3ee59515172ee198f3be375979df15ac5345183e656720a381b8872b2a39dc8b","/logo512.png":"ee7e2f3fdb8209c4b6fd7bef6ba50d1b9dba30a25bb5c3126df057e1cb6f5331","/manifest.json":"aff3449bdc238776f5d6d967f19ec491b36aed5fb7f23ccff6500736fd58494a","/robots.txt":"bfe106a3fb878dc83461c86818bf74fc1bdc7f28538ba613cd3e775516ce8b49","/asset-manifest.json":"e69bcaad06b5987a596c8f9ca566932858c93b1e7694fb12307d30acaac50e85","/index.html":"64597e996f47095cea68844a4548d43b3999753ba42479fa024b5a85ffafc270","/static/js/787.128fc6e9.chunk.js":"dd557db2d92369b1ab0d9898ee62d4b794831f52ceb06c92a64e868ab9921b44","/static/js/787.128fc6e9.chunk.js.map":"5684cabd2790b6bff4086ba6bb894ab4a2d25a37436e3b626bd4d59b29255b9e","/static/js/main.2366ef7b.js.LICENSE.txt":"7182434c482690c924d9d8b4cc3f339820799db35200175c3943888db36ba580","/static/css/main.9f7a5135.css.map":"7cb46053197a90171ed69068f221b6a1fbb5aec75827c2359712578c0c9135cc","/static/css/main.9f7a5135.css":"b70d0bb09285823116c9b8e26fa4870dfdb86650ffc25c997d7926cdc8817aab","/static/js/main.2366ef7b.js":"892223a3a2f008aecca22c69d4a2dcc40a35e44371231e4dde127df5711a64d0","/static/js/main.2366ef7b.js.map":"01fd495624e7e308803e4cf4d246cf68072d750eba2d2c3c848113a11f3c46b7"}}
[debug] [2022-12-11T18:32:59.962Z] <<< [apiv2][status] POST https://firebasehosting.googleapis.com/v1beta1/projects/371419160339/sites/portfolio-4dd7c/versions/cb2a5fcd9197fc84:populateFiles 200
[debug] [2022-12-11T18:32:59.962Z] <<< [apiv2][body] POST https://firebasehosting.googleapis.com/v1beta1/projects/371419160339/sites/portfolio-4dd7c/versions/cb2a5fcd9197fc84:populateFiles {"uploadRequiredHashes":["7cb46053197a90171ed69068f221b6a1fbb5aec75827c2359712578c0c9135cc","e69bcaad06b5987a596c8f9ca566932858c93b1e7694fb12307d30acaac50e85","64597e996f47095cea68844a4548d43b3999753ba42479fa024b5a85ffafc270","892223a3a2f008aecca22c69d4a2dcc40a35e44371231e4dde127df5711a64d0","b70d0bb09285823116c9b8e26fa4870dfdb86650ffc25c997d7926cdc8817aab","01fd495624e7e308803e4cf4d246cf68072d750eba2d2c3c848113a11f3c46b7"],"uploadUrl":"https://upload-firebasehosting.googleapis.com/upload/sites/portfolio-4dd7c/versions/cb2a5fcd9197fc84/files"}
[debug] [2022-12-11T18:32:59.964Z] >>> [apiv2][query] POST https://upload-firebasehosting.googleapis.com/upload/sites/portfolio-4dd7c/versions/cb2a5fcd9197fc84/files/7cb46053197a90171ed69068f221b6a1fbb5aec75827c2359712578c0c9135cc [none]
[debug] [2022-12-11T18:32:59.964Z] >>> [apiv2][body] POST https://upload-firebasehosting.googleapis.com/upload/sites/portfolio-4dd7c/versions/cb2a5fcd9197fc84/files/7cb46053197a90171ed69068f221b6a1fbb5aec75827c2359712578c0c9135cc [stream]
[debug] [2022-12-11T18:32:59.965Z] >>> [apiv2][query] POST https://upload-firebasehosting.googleapis.com/upload/sites/portfolio-4dd7c/versions/cb2a5fcd9197fc84/files/e69bcaad06b5987a596c8f9ca566932858c93b1e7694fb12307d30acaac50e85 [none]
[debug] [2022-12-11T18:32:59.965Z] >>> [apiv2][body] POST https://upload-firebasehosting.googleapis.com/upload/sites/portfolio-4dd7c/versions/cb2a5fcd9197fc84/files/e69bcaad06b5987a596c8f9ca566932858c93b1e7694fb12307d30acaac50e85 [stream]
[debug] [2022-12-11T18:32:59.966Z] >>> [apiv2][query] POST https://upload-firebasehosting.googleapis.com/upload/sites/portfolio-4dd7c/versions/cb2a5fcd9197fc84/files/64597e996f47095cea68844a4548d43b3999753ba42479fa024b5a85ffafc270 [none]
[debug] [2022-12-11T18:32:59.966Z] >>> [apiv2][body] POST https://upload-firebasehosting.googleapis.com/upload/sites/portfolio-4dd7c/versions/cb2a5fcd9197fc84/files/64597e996f47095cea68844a4548d43b3999753ba42479fa024b5a85ffafc270 [stream]
[debug] [2022-12-11T18:32:59.967Z] >>> [apiv2][query] POST https://upload-firebasehosting.googleapis.com/upload/sites/portfolio-4dd7c/versions/cb2a5fcd9197fc84/files/892223a3a2f008aecca22c69d4a2dcc40a35e44371231e4dde127df5711a64d0 [none]
[debug] [2022-12-11T18:32:59.967Z] >>> [apiv2][body] POST https://upload-firebasehosting.googleapis.com/upload/sites/portfolio-4dd7c/versions/cb2a5fcd9197fc84/files/892223a3a2f008aecca22c69d4a2dcc40a35e44371231e4dde127df5711a64d0 [stream]
[debug] [2022-12-11T18:32:59.969Z] >>> [apiv2][query] POST https://upload-firebasehosting.googleapis.com/upload/sites/portfolio-4dd7c/versions/cb2a5fcd9197fc84/files/b70d0bb09285823116c9b8e26fa4870dfdb86650ffc25c997d7926cdc8817aab [none]
[debug] [2022-12-11T18:32:59.969Z] >>> [apiv2][body] POST https://upload-firebasehosting.googleapis.com/upload/sites/portfolio-4dd7c/versions/cb2a5fcd9197fc84/files/b70d0bb09285823116c9b8e26fa4870dfdb86650ffc25c997d7926cdc8817aab [stream]
[debug] [2022-12-11T18:32:59.970Z] >>> [apiv2][query] POST https://upload-firebasehosting.googleapis.com/upload/sites/portfolio-4dd7c/versions/cb2a5fcd9197fc84/files/01fd495624e7e308803e4cf4d246cf68072d750eba2d2c3c848113a11f3c46b7 [none]
[debug] [2022-12-11T18:32:59.970Z] >>> [apiv2][body] POST https://upload-firebasehosting.googleapis.com/upload/sites/portfolio-4dd7c/versions/cb2a5fcd9197fc84/files/01fd495624e7e308803e4cf4d246cf68072d750eba2d2c3c848113a11f3c46b7 [stream]
[debug] [2022-12-11T18:32:59.971Z] [hosting][populate queue][FINAL] {"max":950,"min":950,"avg":950,"active":0,"complete":1,"success":1,"errored":0,"retried":0,"total":1,"elapsed":958}
[debug] [2022-12-11T18:32:59.972Z] [hosting] uploads queued: 6
